This is pdfTeX, Version 3.14159265-2.6-1.40.20 (TeX Live 2019/Debian) (preloaded format=pdflatex 2020.12.1)  22 DEC 2020 11:21
entering extended mode
 restricted \write18 enabled.
 file:line:error style messages enabled.
 %&-line parsing enabled.
**"/home/bgt/Documents/EN3/Genie Logiciel/libraryManagementProject/other_data/DocumentOfficiel/main.tex"
(/home/bgt/Documents/EN3/Genie Logiciel/libraryManagementProject/other_data/DocumentOfficiel/main.tex
LaTeX2e <2020-02-02> patch level 2
L3 programming layer <2020-02-14> (/usr/share/texlive/texmf-dist/tex/latex/base/report.cls
Document Class: report 2019/12/20 v1.4l Standard LaTeX document class
(/usr/share/texlive/texmf-dist/tex/latex/base/size12.clo
File: size12.clo 2019/12/20 v1.4l Standard LaTeX file (size option)
)
\c@part=\count167
\c@chapter=\count168
\c@section=\count169
\c@subsection=\count170
\c@subsubsection=\count171
\c@paragraph=\count172
\c@subparagraph=\count173
\c@figure=\count174
\c@table=\count175
\abovecaptionskip=\skip47
\belowcaptionskip=\skip48
\bibindent=\dimen134
) (/usr/share/texlive/texmf-dist/tex/latex/graphics/graphicx.sty
Package: graphicx 2019/11/30 v1.2a Enhanced LaTeX Graphics (DPC,SPQR)
 (/usr/share/texlive/texmf-dist/tex/latex/graphics/keyval.sty
Package: keyval 2014/10/28 v1.15 key=value parser (DPC)
\KV@toks@=\toks14
) (/usr/share/texlive/texmf-dist/tex/latex/graphics/graphics.sty
Package: graphics 2019/11/30 v1.4a Standard LaTeX Graphics (DPC,SPQR)
 (/usr/share/texlive/texmf-dist/tex/latex/graphics/trig.sty
Package: trig 2016/01/03 v1.10 sin cos tan (DPC)
) (/usr/share/texlive/texmf-dist/tex/latex/graphics-cfg/graphics.cfg
File: graphics.cfg 2016/06/04 v1.11 sample graphics configuration
)
Package graphics Info: Driver file: pdftex.def on input line 105.
 (/usr/share/texlive/texmf-dist/tex/latex/graphics-def/pdftex.def
File: pdftex.def 2018/01/08 v1.0l Graphics/color driver for pdftex
))
\Gin@req@height=\dimen135
\Gin@req@width=\dimen136
) (/usr/share/texlive/texmf-dist/tex/latex/l3backend/l3backend-pdfmode.def
File: l3backend-pdfmode.def 2020-02-03 L3 backend support: PDF mode
\l__kernel_color_stack_int=\count176
\l__pdf_internal_box=\box45
) (/home/bgt/Documents/EN3/Genie Logiciel/libraryManagementProject/other_data/DocumentOfficiel/main.aux (/home/bgt/Documents/EN3/Genie Logiciel/libraryManagementProject/other_data/DocumentOfficiel/Resume/resume.aux) (/home/bgt/Documents/EN3/Genie Logiciel/libraryManagementProject/other_data/DocumentOfficiel/Glossaire/glossaire.aux) (/home/bgt/Documents/EN3/Genie Logiciel/libraryManagementProject/other_data/DocumentOfficiel/Contexte/contexte.aux) (/home/bgt/Documents/EN3/Genie Logiciel/libraryManagementProject/other_data/DocumentOfficiel/Organisation/organisation.aux) (/home/bgt/Documents/EN3/Genie Logiciel/libraryManagementProject/other_data/DocumentOfficiel/Implementation/implementation.aux

LaTeX Warning: Label `image-ActivityDiagram1' multiply defined.

) (/home/bgt/Documents/EN3/Genie Logiciel/libraryManagementProject/other_data/DocumentOfficiel/Diagrammes/diagrammes.aux) (/home/bgt/Documents/EN3/Genie Logiciel/libraryManagementProject/other_data/DocumentOfficiel/Conclusion/conclusion.aux))
\openout1 = `main.aux'.

LaTeX Font Info:    Checking defaults for OML/cmm/m/it on input line 5.
LaTeX Font Info:    ... okay on input line 5.
LaTeX Font Info:    Checking defaults for OMS/cmsy/m/n on input line 5.
LaTeX Font Info:    ... okay on input line 5.
LaTeX Font Info:    Checking defaults for OT1/cmr/m/n on input line 5.
LaTeX Font Info:    ... okay on input line 5.
LaTeX Font Info:    Checking defaults for T1/cmr/m/n on input line 5.
LaTeX Font Info:    ... okay on input line 5.
LaTeX Font Info:    Checking defaults for TS1/cmr/m/n on input line 5.
LaTeX Font Info:    ... okay on input line 5.
LaTeX Font Info:    Checking defaults for OMX/cmex/m/n on input line 5.
LaTeX Font Info:    ... okay on input line 5.
LaTeX Font Info:    Checking defaults for U/cmr/m/n on input line 5.
LaTeX Font Info:    ... okay on input line 5.
 (/usr/share/texlive/texmf-dist/tex/context/base/mkii/supp-pdf.mkii
[Loading MPS to PDF converter (version 2006.09.02).]
\scratchcounter=\count177
\scratchdimen=\dimen137
\scratchbox=\box46
\nofMPsegments=\count178
\nofMParguments=\count179
\everyMPshowfont=\toks15
\MPscratchCnt=\count180
\MPscratchDim=\dimen138
\MPnumerator=\count181
\makeMPintoPDFobject=\count182
\everyMPtoPDFconversion=\toks16
) (/usr/share/texlive/texmf-dist/tex/latex/epstopdf-pkg/epstopdf-base.sty
Package: epstopdf-base 2020-01-24 v2.11 Base part for package epstopdf
Package epstopdf-base Info: Redefining graphics rule for `.eps' on input line 485.
 (/usr/share/texlive/texmf-dist/tex/latex/latexconfig/epstopdf-sys.cfg
File: epstopdf-sys.cfg 2010/07/13 v1.3 Configuration of (r)epstopdf for TeX Live
))
LaTeX Font Info:    External font `cmex10' loaded for size
(Font)              <14.4> on input line 10.
LaTeX Font Info:    External font `cmex10' loaded for size
(Font)              <7> on input line 10.
 [1

{/var/lib/texmf/fonts/map/pdftex/updmap/pdftex.map}] [1

]
\openout2 = `Resume/resume.aux'.

 (/home/bgt/Documents/EN3/Genie Logiciel/libraryManagementProject/other_data/DocumentOfficiel/Resume/resume.tex [2

]) [3]
\openout2 = `Glossaire/glossaire.aux'.

 (/home/bgt/Documents/EN3/Genie Logiciel/libraryManagementProject/other_data/DocumentOfficiel/Glossaire/glossaire.tex) [4


] (/home/bgt/Documents/EN3/Genie Logiciel/libraryManagementProject/other_data/DocumentOfficiel/main.toc
LaTeX Font Info:    External font `cmex10' loaded for size
(Font)              <12> on input line 6.
LaTeX Font Info:    External font `cmex10' loaded for size
(Font)              <8> on input line 6.
LaTeX Font Info:    External font `cmex10' loaded for size
(Font)              <6> on input line 6.

Overfull \hbox (1.9043pt too wide) in paragraph at lines 54--54
 [][] []\OT1/cmr/m/n/12 Diagramme d'activit^^Se du pro-ces-sus de Ges-tion des pr^ets 
 []

)
\tf@toc=\write3
\openout3 = `main.toc'.

 [1


]
\openout2 = `Contexte/contexte.aux'.

 (/home/bgt/Documents/EN3/Genie Logiciel/libraryManagementProject/other_data/DocumentOfficiel/Contexte/contexte.tex
Chapter 1.
[1


]) [2]
\openout2 = `Organisation/organisation.aux'.

 (/home/bgt/Documents/EN3/Genie Logiciel/libraryManagementProject/other_data/DocumentOfficiel/Organisation/organisation.tex
Chapter 2.
[3



]) [4]
\openout2 = `Implementation/implementation.aux'.

 (/home/bgt/Documents/EN3/Genie Logiciel/libraryManagementProject/other_data/DocumentOfficiel/Implementation/implementation.tex
Chapter 3.

Underfull \hbox (badness 10000) in paragraph at lines 8--8
[]\OT1/cmr/m/n/12 Ubuntu
 []


Underfull \hbox (badness 10000) in paragraph at lines 8--8
\OT1/cmr/m/n/12 20.04.1
 []


Underfull \hbox (badness 10000) in paragraph at lines 8--9
[]\OT1/cmr/m/n/12 Les trois mem-bres
 []


Underfull \hbox (badness 10000) in paragraph at lines 10--10
[]\OT1/cmr/m/n/12 Syst^^Reme de
 []


Underfull \hbox (badness 10000) in paragraph at lines 10--10
\OT1/cmr/m/n/12 contr^ole de
 []


Underfull \hbox (badness 2762) in paragraph at lines 10--11
\OT1/cmr/m/n/12 trace des diff^^Serentes
 []


Underfull \hbox (badness 1137) in paragraph at lines 12--13
\OT1/cmr/m/n/12 im-pos^^Se par le client
 []


Underfull \hbox (badness 10000) in paragraph at lines 16--16
[]\OT1/cmr/m/n/12 Mod^^Selisation
 []


Underfull \hbox (badness 7397) in paragraph at lines 16--17
\OT1/cmr/m/n/12 sign Database sans
 []


Underfull \hbox (badness 5175) in paragraph at lines 18--18
[]\OT1/cmr/m/n/12 Codage back-
 []


Overfull \hbox (3.62961pt too wide) in paragraph at lines 23--23
[]\OT1/cmr/m/n/12 Programmation
 []


Underfull \hbox (badness 3884) in paragraph at lines 23--24
[]\OT1/cmr/m/n/12 Prise en charge de
 []


Underfull \hbox (badness 10000) in paragraph at lines 23--24
\OT1/cmr/m/n/12 Fa-cilite d'utilisation
 []


Underfull \hbox (badness 10000) in paragraph at lines 23--24
\OT1/cmr/m/n/12 du Frame-work |
 []


Underfull \hbox (badness 10000) in paragraph at lines 23--24
\OT1/cmr/m/n/12 S^^Securit^^Se et per-for-
 []


Underfull \hbox (badness 1297) in paragraph at lines 23--24
\OT1/cmr/m/n/12 mance | Doc-u-men-
 []


Overfull \hbox (3.62961pt too wide) in paragraph at lines 25--25
[]\OT1/cmr/m/n/12 Programmation
 []


Underfull \hbox (badness 1360) in paragraph at lines 25--26
[]\OT1/cmr/m/n/12 Open source | Fa-
 []


Overfull \hbox (3.62961pt too wide) in paragraph at lines 27--27
[]\OT1/cmr/m/n/12 Programmation
 []


Underfull \hbox (badness 10000) in paragraph at lines 27--27
\OT1/cmr/m/n/12 de-sign fron-
 []


Underfull \hbox (badness 1360) in paragraph at lines 27--28
[]\OT1/cmr/m/n/12 Open source | Fa-
 []


Overfull \hbox (3.62961pt too wide) in paragraph at lines 29--29
[]\OT1/cmr/m/n/12 Programmation
 []


Underfull \hbox (badness 10000) in paragraph at lines 29--29
\OT1/cmr/m/n/12 de-sign fron-
 []


Underfull \hbox (badness 1360) in paragraph at lines 29--30
[]\OT1/cmr/m/n/12 Open source | Fa-
 []


Overfull \hbox (3.62961pt too wide) in paragraph at lines 31--31
[]\OT1/cmr/m/n/12 Programmation
 []


Underfull \hbox (badness 10000) in paragraph at lines 31--31
\OT1/cmr/m/n/12 ges-tion des
 []


Underfull \hbox (badness 10000) in paragraph at lines 31--31
\OT1/cmr/m/n/12 even-e-ments
 []


Underfull \hbox (badness 1360) in paragraph at lines 31--32
[]\OT1/cmr/m/n/12 Open source | Fa-
 []


Underfull \hbox (badness 10000) in paragraph at lines 33--34
[]\OT1/cmr/m/n/12 Server mail pour
 []


Overfull \hbox (4.72105pt too wide) in paragraph at lines 4--36
 [] []
 []

[5



]
Overfull \hbox (19.57909pt too wide) in paragraph at lines 45--47
[]\OT1/cmr/m/n/12 De leur c^ot^^Se, les bib-lioth^^Secaires d^^Setiennent des droits de ressources mat^^Serielles.
 []

[6]
<generalUseCase.jpg, id=44, 692.5875pt x 499.8675pt>
File: generalUseCase.jpg Graphic file (type jpg)
<use generalUseCase.jpg>
Package pdftex.def Info: generalUseCase.jpg  used on input line 66.
(pdftex.def)             Requested size: 390.0pt x 281.48749pt.
 [7 </home/bgt/Documents/EN3/Genie Logiciel/libraryManagementProject/other_data/DocumentOfficiel/generalUseCase.jpg>]
<consultationDuCatalogueUseCase.jpg, id=49, 700.6175pt x 451.6875pt>
File: consultationDuCatalogueUseCase.jpg Graphic file (type jpg)
<use consultationDuCatalogueUseCase.jpg>
Package pdftex.def Info: consultationDuCatalogueUseCase.jpg  used on input line 84.
(pdftex.def)             Requested size: 390.0pt x 251.43388pt.
 [8 </home/bgt/Documents/EN3/Genie Logiciel/libraryManagementProject/other_data/DocumentOfficiel/consultationDuCatalogueUseCase.jpg>]
<acquisitionDesOuvragesUseCase.jpg, id=53, 692.5875pt x 379.4175pt>
File: acquisitionDesOuvragesUseCase.jpg Graphic file (type jpg)
<use acquisitionDesOuvragesUseCase.jpg>
Package pdftex.def Info: acquisitionDesOuvragesUseCase.jpg  used on input line 127.
(pdftex.def)             Requested size: 390.0pt x 213.65918pt.


LaTeX Warning: `h' float specifier changed to `ht'.


Overfull \hbox (6.78477pt too wide) in paragraph at lines 132--134
 [] \OT1/cmr/m/n/12 L'acquisition des ou-vrages est r^^Seserv^^See plus prin-ci-pale-ment au bib-lioth^^Secaire.
 []

[9] [10 </home/bgt/Documents/EN3/Genie Logiciel/libraryManagementProject/other_data/DocumentOfficiel/acquisitionDesOuvragesUseCase.jpg>]
<gestionDesEmpruntsUseCase.jpg, id=60, 765.86125pt x 411.5375pt>
File: gestionDesEmpruntsUseCase.jpg Graphic file (type jpg)
<use gestionDesEmpruntsUseCase.jpg>
Package pdftex.def Info: gestionDesEmpruntsUseCase.jpg  used on input line 176.
(pdftex.def)             Requested size: 390.0pt x 209.56737pt.


LaTeX Warning: `h' float specifier changed to `ht'.

[11]
Underfull \hbox (badness 1067) in paragraph at lines 218--219
\OT1/cmr/m/n/12 la base de donn^^Sees - Le bib-
 []

[12 </home/bgt/Documents/EN3/Genie Logiciel/libraryManagementProject/other_data/DocumentOfficiel/gestionDesEmpruntsUseCase.jpg>]
<restitutionDesOuvragesUseCase.jpg, id=67, 676.5275pt x 564.1075pt>
File: restitutionDesOuvragesUseCase.jpg Graphic file (type jpg)
<use restitutionDesOuvragesUseCase.jpg>
Package pdftex.def Info: restitutionDesOuvragesUseCase.jpg  used on input line 228.
(pdftex.def)             Requested size: 390.0pt x 325.20282pt.


LaTeX Warning: `h' float specifier changed to `ht'.


Overfull \hbox (3.3598pt too wide) in paragraph at lines 233--234
\OT1/cmr/m/n/12 per-met de sauve-g-arder la date ^^Ra laque-lle un livre a ^^Set^^Se rendu afin de d^^Seterminer
 []

[13]
Underfull \hbox (badness 4467) in paragraph at lines 258--259
[]\OT1/cmr/m/n/12 L'abonn^^Se se rend ^^Ra la bib-
 []

[14 </home/bgt/Documents/EN3/Genie Logiciel/libraryManagementProject/other_data/DocumentOfficiel/restitutionDesOuvragesUseCase.jpg>]
<gestionDesUtilisateursUseCase.jpg, id=75, 853.1875pt x 515.9275pt>
File: gestionDesUtilisateursUseCase.jpg Graphic file (type jpg)
<use gestionDesUtilisateursUseCase.jpg>
Package pdftex.def Info: gestionDesUtilisateursUseCase.jpg  used on input line 277.
(pdftex.def)             Requested size: 390.0pt x 235.84164pt.
 [15 </home/bgt/Documents/EN3/Genie Logiciel/libraryManagementProject/other_data/DocumentOfficiel/gestionDesUtilisateursUseCase.jpg>]
Underfull \hbox (badness 2865) in paragraph at lines 290--291
[]\OT1/cmr/m/n/12 Permettre au ges-tion-naire de faire
 []


Underfull \hbox (badness 10000) in paragraph at lines 317--318
[]\OT1/cmr/m/n/12 Une in-for-ma-tion unique est
 []

[16]
<acquisitionDesOuvragesSequence.jpg, id=82, 751.80875pt x 1193.45876pt>
File: acquisitionDesOuvragesSequence.jpg Graphic file (type jpg)
<use acquisitionDesOuvragesSequence.jpg>
Package pdftex.def Info: acquisitionDesOuvragesSequence.jpg  used on input line 331.
(pdftex.def)             Requested size: 234.00238pt x 371.46167pt.


LaTeX Warning: `h' float specifier changed to `ht'.

[17] [18 </home/bgt/Documents/EN3/Genie Logiciel/libraryManagementProject/other_data/DocumentOfficiel/acquisitionDesOuvragesSequence.jpg>]
<consultationDuCatalogueSequence.jpg, id=89, 746.79pt x 646.415pt>
File: consultationDuCatalogueSequence.jpg Graphic file (type jpg)
<use consultationDuCatalogueSequence.jpg>
Package pdftex.def Info: consultationDuCatalogueSequence.jpg  used on input line 356.
(pdftex.def)             Requested size: 390.0pt x 337.5778pt.
<gestionDesUtilisateursSequence.jpg, id=90, 872.25874pt x 1386.17876pt>
File: gestionDesUtilisateursSequence.jpg Graphic file (type jpg)
<use gestionDesUtilisateursSequence.jpg>
Package pdftex.def Info: gestionDesUtilisateursSequence.jpg  used on input line 369.
(pdftex.def)             Requested size: 195.0pt x 309.88853pt.


LaTeX Warning: `h' float specifier changed to `ht'.

[19 </home/bgt/Documents/EN3/Genie Logiciel/libraryManagementProject/other_data/DocumentOfficiel/consultationDuCatalogueSequence.jpg>]
<restitutionDesOuvragesSequence.jpg, id=95, 751.80875pt x 646.415pt>
File: restitutionDesOuvragesSequence.jpg Graphic file (type jpg)
<use restitutionDesOuvragesSequence.jpg>
Package pdftex.def Info: restitutionDesOuvragesSequence.jpg  used on input line 387.
(pdftex.def)             Requested size: 390.0pt x 335.32893pt.


LaTeX Warning: `h' float specifier changed to `ht'.

[20 </home/bgt/Documents/EN3/Genie Logiciel/libraryManagementProject/other_data/DocumentOfficiel/gestionDesUtilisateursSequence.jpg>]
<gestionDesEmpruntsSequence.jpg, id=99, 746.79pt x 722.7pt>
File: gestionDesEmpruntsSequence.jpg Graphic file (type jpg)
<use gestionDesEmpruntsSequence.jpg>
Package pdftex.def Info: gestionDesEmpruntsSequence.jpg  used on input line 402.
(pdftex.def)             Requested size: 390.0pt x 377.41617pt.


LaTeX Warning: `h' float specifier changed to `ht'.

<ActivityDiagram1.jpg, id=100, 1431.3475pt x 543.02875pt>
File: ActivityDiagram1.jpg Graphic file (type jpg)
<use ActivityDiagram1.jpg>
Package pdftex.def Info: ActivityDiagram1.jpg  used on input line 421.
(pdftex.def)             Requested size: 390.0pt x 147.95375pt.
[21 </home/bgt/Documents/EN3/Genie Logiciel/libraryManagementProject/other_data/DocumentOfficiel/restitutionDesOuvragesSequence.jpg>]

LaTeX Warning: `h' float specifier changed to `ht'.

[22 </home/bgt/Documents/EN3/Genie Logiciel/libraryManagementProject/other_data/DocumentOfficiel/gestionDesEmpruntsSequence.jpg>]
File: ActivityDiagram1.jpg Graphic file (type jpg)
<use ActivityDiagram1.jpg>
Package pdftex.def Info: ActivityDiagram1.jpg  used on input line 449.
(pdftex.def)             Requested size: 390.0pt x 147.95375pt.


LaTeX Warning: `h' float specifier changed to `ht'.

) [23 </home/bgt/Documents/EN3/Genie Logiciel/libraryManagementProject/other_data/DocumentOfficiel/ActivityDiagram1.jpg>] [24]
\openout2 = `Diagrammes/diagrammes.aux'.

 (/home/bgt/Documents/EN3/Genie Logiciel/libraryManagementProject/other_data/DocumentOfficiel/Diagrammes/diagrammes.tex) [25


]
\openout2 = `Conclusion/conclusion.aux'.

 (/home/bgt/Documents/EN3/Genie Logiciel/libraryManagementProject/other_data/DocumentOfficiel/Conclusion/conclusion.tex
Chapter 4.
) [26



] (/home/bgt/Documents/EN3/Genie Logiciel/libraryManagementProject/other_data/DocumentOfficiel/main.aux (/home/bgt/Documents/EN3/Genie Logiciel/libraryManagementProject/other_data/DocumentOfficiel/Resume/resume.aux) (/home/bgt/Documents/EN3/Genie Logiciel/libraryManagementProject/other_data/DocumentOfficiel/Glossaire/glossaire.aux) (/home/bgt/Documents/EN3/Genie Logiciel/libraryManagementProject/other_data/DocumentOfficiel/Contexte/contexte.aux) (/home/bgt/Documents/EN3/Genie Logiciel/libraryManagementProject/other_data/DocumentOfficiel/Organisation/organisation.aux) (/home/bgt/Documents/EN3/Genie Logiciel/libraryManagementProject/other_data/DocumentOfficiel/Implementation/implementation.aux) (/home/bgt/Documents/EN3/Genie Logiciel/libraryManagementProject/other_data/DocumentOfficiel/Diagrammes/diagrammes.aux) (/home/bgt/Documents/EN3/Genie Logiciel/libraryManagementProject/other_data/DocumentOfficiel/Conclusion/conclusion.aux))

LaTeX Warning: There were multiply-defined labels.

 ) 
Here is how much of TeX's memory you used:
 1401 strings out of 481239
 28376 string characters out of 5920377
 257841 words of memory out of 5000000
 16637 multiletter control sequences out of 15000+600000
 538449 words of font info for 44 fonts, out of 8000000 for 9000
 1141 hyphenation exceptions out of 8191
 30i,9n,25p,781b,231s stack positions out of 5000i,500n,10000p,200000b,80000s
{/usr/share/texmf/fonts/enc/dvips/cm-super/cm-super-ts1.enc}</usr/share/texlive/texmf-dist/fonts/type1/public/amsfonts/cm/cmbx12.pfb></usr/share/texlive/texmf-dist/fonts/type1/public/amsfonts/cm/cmr12.pfb></usr/share/texlive/texmf-dist/fonts/type1/public/amsfonts/cm/cmr17.pfb></usr/share/texmf/fonts/type1/public/cm-super/sfrm1200.pfb>
Output written on "/home/bgt/Documents/EN3/Genie Logiciel/libraryManagementProject/other_data/DocumentOfficiel/main.pdf" (32 pages, 870094 bytes).
PDF statistics:
 136 PDF objects out of 1000 (max. 8388607)
 85 compressed objects within 1 object stream
 0 named destinations out of 1000 (max. 500000)
 61 words of extra memory for PDF output out of 10000 (max. 10000000)

